<?xml version="1.0" encoding="UTF-8"?>
<!-- Generated by org.testng.reporters.JUnitReportReporter -->
<testsuite hostname="srishti" failures="0" tests="2" name="script.DemoX" time="0.009" errors="0" timestamp="2024-10-17T11:44:24 IST" skipped="0">
  <testcase classname="script.DemoX" name="deleteUser" time="0.001"/>
  <testcase classname="script.DemoX" name="createUser" time="0.008"/>
</testsuite> <!-- script.DemoX -->
