<?xml version="1.0" encoding="UTF-8"?>
<!-- Generated by org.testng.reporters.JUnitReportReporter -->
<testsuite hostname="srishti" failures="0" tests="1" name="script.Demo4" time="0.003" errors="0" timestamp="2024-10-17T11:44:24 IST" skipped="0">
  <testcase classname="script.Demo4" name="createUser" time="0.003"/>
</testsuite> <!-- script.Demo4 -->
