<?xml version="1.0" encoding="UTF-8"?>
<!-- Generated by org.testng.reporters.JUnitReportReporter -->
<testsuite hostname="srishti" failures="0" tests="1" name="script.Demo3" time="3.153" errors="0" timestamp="2024-10-17T11:44:24 IST" skipped="0">
  <testcase classname="script.Demo3" name="testC" time="3.153"/>
</testsuite> <!-- script.Demo3 -->
